Reading netlist file: "C:\Users\mucah\Desktop\trafikLambasi\impl\gwsynthesis\trafikLambasi.vg"
Parsing netlist file "C:\Users\mucah\Desktop\trafikLambasi\impl\gwsynthesis\trafikLambasi.vg" completed
Processing netlist completed
Reading constraint file: "C:\Users\mucah\Desktop\trafikLambasi\src\trafikLambasi.cst"
Physical Constraint parsed completed
Running placement......
[10%] Placement Phase 0 completed
[20%] Placement Phase 1 completed
[30%] Placement Phase 2 completed
[50%] Placement Phase 3 completed
Running routing......
[60%] Routing Phase 0 completed
[70%] Routing Phase 1 completed
[80%] Routing Phase 2 completed
[90%] Routing Phase 3 completed
Running timing analysis......
[95%] Timing analysis completed
Placement and routing completed
Bitstream generation in progress......
Bitstream generation completed
Running power analysis......
[100%] Power analysis completed
Generate file "C:\Users\mucah\Desktop\trafikLambasi\impl\pnr\trafikLambasi.power.html" completed
Generate file "C:\Users\mucah\Desktop\trafikLambasi\impl\pnr\trafikLambasi.pin.html" completed
Generate file "C:\Users\mucah\Desktop\trafikLambasi\impl\pnr\trafikLambasi.rpt.html" completed
Generate file "C:\Users\mucah\Desktop\trafikLambasi\impl\pnr\trafikLambasi.rpt.txt" completed
Generate file "C:\Users\mucah\Desktop\trafikLambasi\impl\pnr\trafikLambasi.tr.html" completed
Sun Apr 16 23:10:05 2023

